TN:
SF:D:\中台新框架学习\webpack-builder\lib\webpack.base.js
FN:130,errorPlugin
FNF:1
FNH:0
FNDA:0,errorPlugin
DA:1,1
DA:2,1
DA:3,1
DA:4,1
DA:5,1
DA:6,1
DA:7,1
DA:9,1
DA:11,1
DA:12,1
DA:13,1
DA:14,1
DA:16,1
DA:18,2
DA:21,2
DA:22,2
DA:24,2
DA:25,2
DA:44,1
DA:50,1
DA:52,1
DA:84,0
DA:131,0
DA:132,0
DA:133,0
LF:25
LH:21
BRDA:22,1,0,2
BRDA:22,1,1,2
BRDA:132,2,0,0
BRDA:132,2,1,0
BRDA:132,3,0,0
BRDA:132,3,1,0
BRDA:132,3,2,0
BRF:7
BRH:2
end_of_record
TN:
SF:D:\中台新框架学习\webpack-builder\lib\webpack.prod.js
FNF:0
FNH:0
DA:11,1
DA:12,1
DA:13,1
DA:14,1
DA:15,1
DA:17,1
DA:19,1
DA:55,1
LF:8
LH:8
BRF:0
BRH:0
end_of_record
TN:
SF:D:\中台新框架学习\webpack-builder\lib\webpack.dev.js
FNF:0
FNH:0
DA:9,1
DA:11,1
DA:12,1
DA:14,1
DA:27,1
LF:5
LH:5
BRF:0
BRH:0
end_of_record
